-------------------------------------------------------------------------------
Test set: com.planittesting.test.LoginTest
-------------------------------------------------------------------------------
Tests run: 1, Failures: 0, Errors: 1, Skipped: 0, Time elapsed: 9.877 s <<< FAILURE! - in com.planittesting.test.LoginTest
verifySuccessfulLogin  Time elapsed: 8.907 s  <<< ERROR!
org.openqa.selenium.TimeoutException: 
Expected condition failed: waiting for com.planittesting.model.pages.BasePage$$Lambda$699/0x0000000800ef22b0@1de9d54 (tried for 4 second(s) with 500 milliseconds interval)
Build info: version: '4.3.0', revision: 'a4995e2c09*'
System info: host: 'DESKTOP-KQODJU0', ip: '192.168.1.160', os.name: 'Windows 10', os.arch: 'amd64', os.version: '10.0', java.version: '17.0.4'
Driver info: org.openqa.selenium.chrome.ChromeDriver
Capabilities {acceptInsecureCerts: false, browserName: chrome, browserVersion: 104.0.5112.81, chrome: {chromedriverVersion: 104.0.5112.79 (3cf3e8c8a07d..., userDataDir: C:\Users\jenca\AppData\Loca...}, goog:chromeOptions: {debuggerAddress: localhost:59702}, networkConnectionEnabled: false, pageLoadStrategy: normal, platformName: WINDOWS, proxy: Proxy(), se:cdp: ws://localhost:59702/devtoo..., se:cdpVersion: 104.0.5112.81, setWindowRect: true, strictFileInteractability: false, timeouts: {implicit: 0, pageLoad: 300000, script: 30000}, unhandledPromptBehavior: dismiss and notify, webauthn:extension:credBlob: true, webauthn:extension:largeBlob: true, webauthn:virtualAuthenticators: true}
Session ID: b580dfc7d806ece133816349dc8d202d
	at com.planittesting.test.LoginTest.verifySuccessfulLogin(LoginTest.java:26)

